[debug] [2022-05-31T20:30:12.071Z] ----------------------------------------------------------------------
[debug] [2022-05-31T20:30:12.074Z] Command:       C:\Program Files\nodejs\node.exe C:\Users\Pranay Chouhan\AppData\Roaming\npm\node_modules\firebase-tools\lib\bin\firebase.js init
[debug] [2022-05-31T20:30:12.074Z] CLI Version:   11.0.1
[debug] [2022-05-31T20:30:12.075Z] Platform:      win32
[debug] [2022-05-31T20:30:12.075Z] Node Version:  v16.13.2
[debug] [2022-05-31T20:30:12.076Z] Time:          Wed Jun 01 2022 02:00:12 GMT+0530 (India Standard Time)
[debug] [2022-05-31T20:30:12.076Z] ----------------------------------------------------------------------
[debug] 
[debug] [2022-05-31T20:30:12.085Z] > command requires scopes: ["email","openid","https://www.googleapis.com/auth/cloudplatformprojects.readonly","https://www.googleapis.com/auth/firebase","https://www.googleapis.com/auth/cloud-platform"]
[debug] [2022-05-31T20:30:12.086Z] > authorizing via signed-in user (chavhanpranay48@gmail.com)
[info] 
     ######## #### ########  ######## ########     ###     ######  ########
     ##        ##  ##     ## ##       ##     ##  ##   ##  ##       ##
     ######    ##  ########  ######   ########  #########  ######  ######
     ##        ##  ##    ##  ##       ##     ## ##     ##       ## ##
     ##       #### ##     ## ######## ########  ##     ##  ######  ########

You're about to initialize a Firebase project in this directory:

  C:\xampp\htdocs\iLibrary\frontend

Before we get started, keep in mind:

  * You are currently outside your home directory

